#
# There is insufficient memory for the Java Runtime Environment to continue.
# Native memory allocation (malloc) failed to allocate 65552 bytes for Chunk::new
# Possible reasons:
#   The system is out of physical RAM or swap space
#   In 32 bit mode, the process size limit was hit
# Possible solutions:
#   Reduce memory load on the system
#   Increase physical memory or swap space
#   Check if swap backing store is full
#   Use 64 bit Java on a 64 bit OS
#   Decrease Java heap size (-Xmx/-Xms)
#   Decrease number of Java threads
#   Decrease Java thread stack sizes (-Xss)
#   Set larger code cache with -XX:ReservedCodeCacheSize=
# This output file may be truncated or incomplete.
#
#  Out of Memory Error (allocation.cpp:390), pid=13352, tid=0x0000000000002158
#
# JRE version: Java(TM) SE Runtime Environment (8.0_151-b12) (build 1.8.0_151-b12)
# Java VM: Java HotSpot(TM) 64-Bit Server VM (25.151-b12 mixed mode windows-amd64 compressed oops)
# Failed to write core dump. Minidumps are not enabled by default on client versions of Windows
#

---------------  T H R E A D  ---------------

Current thread (0x0000000019764800):  JavaThread "C2 CompilerThread1" daemon [_thread_in_native, id=8536, stack(0x0000000019ed0000,0x0000000019fd0000)]

Stack: [0x0000000019ed0000,0x0000000019fd0000]
[error occurred during error reporting (printing stack bounds), id 0xc0000005]

Native frames: (J=compiled Java code, j=interpreted, Vv=VM code, C=native code)


Current CompileTask:
C2:   2233 1327       4       javassist.compiler.Lex::lookAhead (82 bytes)


---------------  P R O C E S S  ---------------

Java Threads: ( => current thread )
  0x000000001a486800 JavaThread "Monitor Ctrl-Break" daemon [_thread_in_native, id=4624, stack(0x000000001ac40000,0x000000001ad40000)]
  0x0000000019804800 JavaThread "Service Thread" daemon [_thread_blocked, id=6292, stack(0x000000001a1d0000,0x000000001a2d0000)]
  0x0000000019774000 JavaThread "C1 CompilerThread3" daemon [_thread_in_native, id=4308, stack(0x000000001a0d0000,0x000000001a1d0000)]
  0x0000000019766000 JavaThread "C2 CompilerThread2" daemon [_thread_blocked, id=5000, stack(0x0000000019fd0000,0x000000001a0d0000)]
=>0x0000000019764800 JavaThread "C2 CompilerThread1" daemon [_thread_in_native, id=8536, stack(0x0000000019ed0000,0x0000000019fd0000)]
  0x0000000019762000 JavaThread "C2 CompilerThread0" daemon [_thread_blocked, id=15092, stack(0x0000000019dd0000,0x0000000019ed0000)]
  0x0000000019709800 JavaThread "Attach Listener" daemon [_thread_blocked, id=9728, stack(0x0000000019cd0000,0x0000000019dd0000)]
  0x0000000019760800 JavaThread "Signal Dispatcher" daemon [_thread_blocked, id=13664, stack(0x0000000019bd0000,0x0000000019cd0000)]
  0x00000000196f0800 JavaThread "Finalizer" daemon [_thread_blocked, id=12892, stack(0x0000000019ad0000,0x0000000019bd0000)]
  0x0000000002859800 JavaThread "Reference Handler" daemon [_thread_blocked, id=14300, stack(0x00000000195d0000,0x00000000196d0000)]
  0x0000000002764000 JavaThread "main" [_thread_in_native, id=12628, stack(0x0000000002660000,0x0000000002760000)]

Other Threads:
  0x00000000177d9800 VMThread [stack: 0x00000000194d0000,0x00000000195d0000] [id=11168]
  0x000000001986b000 WatcherThread [stack: 0x000000001a2d0000,0x000000001a3d0000] [id=7544]

VM state:not at safepoint (normal execution)

VM Mutex/Monitor currently owned by a thread: None

Heap:
 PSYoungGen      total 38400K, used 8586K [0x00000000d5f00000, 0x00000000d8980000, 0x0000000100000000)
  eden space 33280K, 10% used [0x00000000d5f00000,0x00000000d62678e8,0x00000000d7f80000)
  from space 5120K, 99% used [0x00000000d8480000,0x00000000d897b110,0x00000000d8980000)
  to   space 5120K, 0% used [0x00000000d7f80000,0x00000000d7f80000,0x00000000d8480000)
 ParOldGen       total 87552K, used 1340K [0x0000000081c00000, 0x0000000087180000, 0x00000000d5f00000)
  object space 87552K, 1% used [0x0000000081c00000,0x0000000081d4f028,0x0000000087180000)
 Metaspace       used 13866K, capacity 13996K, committed 14208K, reserved 1062912K
  class space    used 1588K, capacity 1628K, committed 1664K, reserved 1048576K

Card table byte_map: [0x0000000011c20000,0x0000000012020000] byte_map_base: 0x0000000011812000

Marking Bits: (ParMarkBitMap*) 0x000000005d11d850
 Begin Bits: [0x0000000012ad0000, 0x0000000014a60000)
 End Bits:   [0x0000000014a60000, 0x00000000169f0000)

Polling page: 0x00000000001e0000

CodeCache: size=245760Kb used=5055Kb max_used=5055Kb free=240704Kb
 bounds [0x0000000002860000, 0x0000000002d60000, 0x0000000011860000]
 total_blobs=1683 nmethods=1339 adapters=257
 compilation: enabled

Compilation events (10 events):
Event: 2.220 Thread 0x0000000019774000 nmethod 1332 0x0000000002d497d0 code [0x0000000002d49a20, 0x0000000002d4a818]
Event: 2.224 Thread 0x0000000019774000 1333       3       sun.nio.cs.ThreadLocalCoders$Cache::forName (108 bytes)
Event: 2.225 Thread 0x0000000019774000 nmethod 1333 0x0000000002d4af90 code [0x0000000002d4b200, 0x0000000002d4c6a8]
Event: 2.226 Thread 0x0000000019774000 1334       3       sun.net.www.URLConnection::<init> (22 bytes)
Event: 2.226 Thread 0x0000000019774000 nmethod 1334 0x0000000002d3d3d0 code [0x0000000002d3d560, 0x0000000002d3d858]
Event: 2.226 Thread 0x0000000019774000 1335       3       sun.net.www.MessageHeader::<init> (9 bytes)
Event: 2.226 Thread 0x0000000019774000 nmethod 1335 0x0000000002d3cfd0 code [0x0000000002d3d140, 0x0000000002d3d328]
Event: 2.226 Thread 0x0000000019774000 1336       3       sun.net.www.MessageHeader::grow (92 bytes)
Event: 2.227 Thread 0x0000000019774000 nmethod 1336 0x0000000002d3c7d0 code [0x0000000002d3c960, 0x0000000002d3ce98]
Event: 2.228 Thread 0x0000000019774000 1337  s    3       javassist.bytecode.AttributeInfo::remove (50 bytes)

GC Heap History (4 events):
Event: 1.208 GC heap before
{Heap before GC invocations=1 (full 0):
 PSYoungGen      total 38400K, used 33280K [0x00000000d5f00000, 0x00000000d8980000, 0x0000000100000000)
  eden space 33280K, 100% used [0x00000000d5f00000,0x00000000d7f80000,0x00000000d7f80000)
  from space 5120K, 0% used [0x00000000d8480000,0x00000000d8480000,0x00000000d8980000)
  to   space 5120K, 0% used [0x00000000d7f80000,0x00000000d7f80000,0x00000000d8480000)
 ParOldGen       total 87552K, used 0K [0x0000000081c00000, 0x0000000087180000, 0x00000000d5f00000)
  object space 87552K, 0% used [0x0000000081c00000,0x0000000081c00000,0x0000000087180000)
 Metaspace       used 11474K, capacity 11604K, committed 11648K, reserved 1058816K
  class space    used 1333K, capacity 1368K, committed 1408K, reserved 1048576K
Event: 1.216 GC heap after
Heap after GC invocations=1 (full 0):
 PSYoungGen      total 38400K, used 5106K [0x00000000d5f00000, 0x00000000d8980000, 0x0000000100000000)
  eden space 33280K, 0% used [0x00000000d5f00000,0x00000000d5f00000,0x00000000d7f80000)
  from space 5120K, 99% used [0x00000000d7f80000,0x00000000d847c9f0,0x00000000d8480000)
  to   space 5120K, 0% used [0x00000000d8480000,0x00000000d8480000,0x00000000d8980000)
 ParOldGen       total 87552K, used 728K [0x0000000081c00000, 0x0000000087180000, 0x00000000d5f00000)
  object space 87552K, 0% used [0x0000000081c00000,0x0000000081cb6280,0x0000000087180000)
 Metaspace       used 11474K, capacity 11604K, committed 11648K, reserved 1058816K
  class space    used 1333K, capacity 1368K, committed 1408K, reserved 1048576K
}
Event: 2.175 GC heap before
{Heap before GC invocations=2 (full 0):
 PSYoungGen      total 38400K, used 38386K [0x00000000d5f00000, 0x00000000d8980000, 0x0000000100000000)
  eden space 33280K, 100% used [0x00000000d5f00000,0x00000000d7f80000,0x00000000d7f80000)
  from space 5120K, 99% used [0x00000000d7f80000,0x00000000d847c9f0,0x00000000d8480000)
  to   space 5120K, 0% used [0x00000000d8480000,0x00000000d8480000,0x00000000d8980000)
 ParOldGen       total 87552K, used 728K [0x0000000081c00000, 0x0000000087180000, 0x00000000d5f00000)
  object space 87552K, 0% used [0x0000000081c00000,0x0000000081cb6280,0x0000000087180000)
 Metaspace       used 13792K, capacity 13900K, committed 14208K, reserved 1062912K
  class space    used 1579K, capacity 1596K, committed 1664K, reserved 1048576K
Event: 2.192 GC heap after
Heap after GC invocations=2 (full 0):
 PSYoungGen      total 38400K, used 5100K [0x00000000d5f00000, 0x00000000d8980000, 0x0000000100000000)
  eden space 33280K, 0% used [0x00000000d5f00000,0x00000000d5f00000,0x00000000d7f80000)
  from space 5120K, 99% used [0x00000000d8480000,0x00000000d897b110,0x00000000d8980000)
  to   space 5120K, 0% used [0x00000000d7f80000,0x00000000d7f80000,0x00000000d8480000)
 ParOldGen       total 87552K, used 1340K [0x0000000081c00000, 0x0000000087180000, 0x00000000d5f00000)
  object space 87552K, 1% used [0x0000000081c00000,0x0000000081d4f028,0x0000000087180000)
 Metaspace       used 13792K, capacity 13900K, committed 14208K, reserved 1062912K
  class space    used 1579K, capacity 1596K, committed 1664K, reserved 1048576K
}

Deoptimization events (4 events):
Event: 0.253 Thread 0x0000000002764000 Uncommon trap: reason=unstable_if action=reinterpret pc=0x000000000297d778 method=java.lang.String.hashCode()I @ 14
Event: 0.511 Thread 0x0000000002764000 Uncommon trap: reason=unstable_if action=reinterpret pc=0x00000000029d79ac method=java.lang.String.indexOf([CII[CIII)I @ 3
Event: 0.582 Thread 0x0000000002764000 Uncommon trap: reason=unstable_if action=reinterpret pc=0x0000000002a24844 method=sun.misc.MetaIndex.mayContain(Ljava/lang/String;)Z @ 38
Event: 2.151 Thread 0x0000000002764000 Uncommon trap: reason=unstable_if action=reinterpret pc=0x0000000002d1a418 method=java.util.zip.ZipEntry.setExtra0([BZ)V @ 1

Internal exceptions (10 events):
Event: 1.446 Thread 0x0000000002764000 Exception <a 'java/lang/ClassNotFoundException': com/alibaba/dubbo/config/spring/ServiceBeanBeanInfo> (0x00000000d68fcdb0) thrown at [C:\re\workspace\8-2-build-windows-amd64-cygwin\jdk8u151\9699\hotspot\src\share\vm\classfile\systemDictionary.cpp, line 21
Event: 1.447 Thread 0x0000000002764000 Exception <a 'java/lang/ClassNotFoundException': com/alibaba/dubbo/config/ServiceConfigBeanInfo> (0x00000000d691f580) thrown at [C:\re\workspace\8-2-build-windows-amd64-cygwin\jdk8u151\9699\hotspot\src\share\vm\classfile\systemDictionary.cpp, line 210]
Event: 1.449 Thread 0x0000000002764000 Exception <a 'java/lang/ClassNotFoundException': com/alibaba/dubbo/config/AbstractServiceConfigBeanInfo> (0x00000000d6943878) thrown at [C:\re\workspace\8-2-build-windows-amd64-cygwin\jdk8u151\9699\hotspot\src\share\vm\classfile\systemDictionary.cpp, line
Event: 1.450 Thread 0x0000000002764000 Exception <a 'java/lang/ClassNotFoundException': com/alibaba/dubbo/config/AbstractInterfaceConfigBeanInfo> (0x00000000d6968468) thrown at [C:\re\workspace\8-2-build-windows-amd64-cygwin\jdk8u151\9699\hotspot\src\share\vm\classfile\systemDictionary.cpp, li
Event: 1.452 Thread 0x0000000002764000 Exception <a 'java/lang/ClassNotFoundException': com/alibaba/dubbo/config/AbstractMethodConfigBeanInfo> (0x00000000d698c800) thrown at [C:\re\workspace\8-2-build-windows-amd64-cygwin\jdk8u151\9699\hotspot\src\share\vm\classfile\systemDictionary.cpp, line 
Event: 1.454 Thread 0x0000000002764000 Exception <a 'java/lang/ClassNotFoundException': com/alibaba/dubbo/config/AbstractMethodConfigCustomizer> (0x00000000d69b0ef0) thrown at [C:\re\workspace\8-2-build-windows-amd64-cygwin\jdk8u151\9699\hotspot\src\share\vm\classfile\systemDictionary.cpp, lin
Event: 1.459 Thread 0x0000000002764000 Exception <a 'java/lang/ClassNotFoundException': com/alibaba/dubbo/config/AbstractInterfaceConfigCustomizer> (0x00000000d69f4108) thrown at [C:\re\workspace\8-2-build-windows-amd64-cygwin\jdk8u151\9699\hotspot\src\share\vm\classfile\systemDictionary.cpp, 
Event: 1.483 Thread 0x0000000002764000 Exception <a 'java/lang/ClassNotFoundException': com/alibaba/dubbo/config/AbstractServiceConfigCustomizer> (0x00000000d6a517d8) thrown at [C:\re\workspace\8-2-build-windows-amd64-cygwin\jdk8u151\9699\hotspot\src\share\vm\classfile\systemDictionary.cpp, li
Event: 1.493 Thread 0x0000000002764000 Exception <a 'java/lang/ClassNotFoundException': com/alibaba/dubbo/config/ServiceConfigCustomizer> (0x00000000d6aad6b8) thrown at [C:\re\workspace\8-2-build-windows-amd64-cygwin\jdk8u151\9699\hotspot\src\share\vm\classfile\systemDictionary.cpp, line 210]
Event: 1.504 Thread 0x0000000002764000 Exception <a 'java/lang/ClassNotFoundException': com/alibaba/dubbo/config/spring/ServiceBeanCustomizer> (0x00000000d6b11a20) thrown at [C:\re\workspace\8-2-build-windows-amd64-cygwin\jdk8u151\9699\hotspot\src\share\vm\classfile\systemDictionary.cpp, line 

Events (10 events):
Event: 2.200 loading class com/alibaba/dubbo/common/threadpool/ThreadPool
Event: 2.200 loading class com/alibaba/dubbo/common/threadpool/ThreadPool done
Event: 2.201 loading class com/alibaba/dubbo/common/threadpool/support/fixed/FixedThreadPool
Event: 2.201 loading class com/alibaba/dubbo/common/threadpool/support/fixed/FixedThreadPool done
Event: 2.202 loading class com/alibaba/dubbo/common/threadpool/support/cached/CachedThreadPool
Event: 2.202 loading class com/alibaba/dubbo/common/threadpool/support/cached/CachedThreadPool done
Event: 2.203 loading class com/alibaba/dubbo/common/threadpool/support/limited/LimitedThreadPool
Event: 2.203 loading class com/alibaba/dubbo/common/threadpool/support/limited/LimitedThreadPool done
Event: 2.205 loading class com/alibaba/dubbo/common/threadpool/ThreadPool$Adpative
Event: 2.205 loading class com/alibaba/dubbo/common/threadpool/ThreadPool$Adpative done


Dynamic libraries:
0x00007ff6ed0a0000 - 0x00007ff6ed0d7000 	D:\Program Files\Java\jdk1.8.0_151\bin\java.exe
0x00007ffb81c20000 - 0x00007ffb81e01000 	C:\WINDOWS\SYSTEM32\ntdll.dll
0x00007ffb7f540000 - 0x00007ffb7f5f2000 	C:\WINDOWS\System32\KERNEL32.DLL
0x00007ffb7e720000 - 0x00007ffb7e993000 	C:\WINDOWS\System32\KERNELBASE.dll
0x00007ffb803c0000 - 0x00007ffb80461000 	C:\WINDOWS\System32\ADVAPI32.dll
0x00007ffb7f740000 - 0x00007ffb7f7de000 	C:\WINDOWS\System32\msvcrt.dll
0x00007ffb7fc90000 - 0x00007ffb7fceb000 	C:\WINDOWS\System32\sechost.dll
0x00007ffb7f410000 - 0x00007ffb7f534000 	C:\WINDOWS\System32\RPCRT4.dll
0x00007ffb7ffc0000 - 0x00007ffb80150000 	C:\WINDOWS\System32\USER32.dll
0x00007ffb7e220000 - 0x00007ffb7e240000 	C:\WINDOWS\System32\win32u.dll
0x00007ffb81ac0000 - 0x00007ffb81ae8000 	C:\WINDOWS\System32\GDI32.dll
0x00007ffb7e430000 - 0x00007ffb7e5c2000 	C:\WINDOWS\System32\gdi32full.dll
0x00007ffb7e680000 - 0x00007ffb7e71f000 	C:\WINDOWS\System32\msvcp_win.dll
0x00007ffb7e120000 - 0x00007ffb7e21a000 	C:\WINDOWS\System32\ucrtbase.dll
0x00007ffb71bf0000 - 0x00007ffb71e59000 	C:\WINDOWS\WinSxS\amd64_microsoft.windows.common-controls_6595b64144ccf1df_6.0.17134.471_none_fb3e9aab3068fc16\COMCTL32.dll
0x00007ffb7f0b0000 - 0x00007ffb7f3d2000 	C:\WINDOWS\System32\combase.dll
0x00007ffb7e040000 - 0x00007ffb7e0ba000 	C:\WINDOWS\System32\bcryptPrimitives.dll
0x00007ffb7f3e0000 - 0x00007ffb7f40d000 	C:\WINDOWS\System32\IMM32.DLL
0x000000005d1a0000 - 0x000000005d272000 	D:\Program Files\Java\jdk1.8.0_151\jre\bin\msvcr100.dll
0x000000005c900000 - 0x000000005d19d000 	D:\Program Files\Java\jdk1.8.0_151\jre\bin\server\jvm.dll
0x00007ffb81930000 - 0x00007ffb81938000 	C:\WINDOWS\System32\PSAPI.DLL
0x00007ffb6c630000 - 0x00007ffb6c63a000 	C:\WINDOWS\SYSTEM32\VERSION.dll
0x00007ffb7b180000 - 0x00007ffb7b189000 	C:\WINDOWS\SYSTEM32\WSOCK32.dll
0x00007ffb7a1e0000 - 0x00007ffb7a203000 	C:\WINDOWS\SYSTEM32\WINMM.dll
0x00007ffb80150000 - 0x00007ffb801bc000 	C:\WINDOWS\System32\WS2_32.dll
0x00007ffb79ff0000 - 0x00007ffb7a01a000 	C:\WINDOWS\SYSTEM32\winmmbase.dll
0x00007ffb7dff0000 - 0x00007ffb7e039000 	C:\WINDOWS\System32\cfgmgr32.dll
0x000000005d790000 - 0x000000005d79f000 	D:\Program Files\Java\jdk1.8.0_151\jre\bin\verify.dll
0x000000005d760000 - 0x000000005d789000 	D:\Program Files\Java\jdk1.8.0_151\jre\bin\java.dll
0x000000005d740000 - 0x000000005d756000 	D:\Program Files\Java\jdk1.8.0_151\jre\bin\zip.dll
0x00007ffb804f0000 - 0x00007ffb81930000 	C:\WINDOWS\System32\SHELL32.dll
0x00007ffb7fd70000 - 0x00007ffb7fe19000 	C:\WINDOWS\System32\shcore.dll
0x00007ffb7e9a0000 - 0x00007ffb7f0ad000 	C:\WINDOWS\System32\windows.storage.dll
0x00007ffb7fd10000 - 0x00007ffb7fd61000 	C:\WINDOWS\System32\shlwapi.dll
0x00007ffb7dfd0000 - 0x00007ffb7dfe1000 	C:\WINDOWS\System32\kernel.appcore.dll
0x00007ffb7df50000 - 0x00007ffb7df6f000 	C:\WINDOWS\System32\profapi.dll
0x00007ffb7df70000 - 0x00007ffb7dfbc000 	C:\WINDOWS\System32\powrprof.dll
0x00007ffb7dfc0000 - 0x00007ffb7dfca000 	C:\WINDOWS\System32\FLTLIB.DLL
0x00007ffb7b110000 - 0x00007ffb7b120000 	D:\Program Files (x86)\JetBrains\IntelliJ IDEA 2016.1.2\bin\breakgen64.dll
0x000000005d720000 - 0x000000005d73a000 	D:\Program Files\Java\jdk1.8.0_151\jre\bin\net.dll
0x00007ffb7d7b0000 - 0x00007ffb7d816000 	C:\WINDOWS\system32\mswsock.dll
0x000000005c8f0000 - 0x000000005c8fd000 	D:\Program Files\Java\jdk1.8.0_151\jre\bin\management.dll
0x00007ffb63d80000 - 0x00007ffb63d96000 	C:\WINDOWS\system32\napinsp.dll
0x00007ffb63d60000 - 0x00007ffb63d7a000 	C:\WINDOWS\system32\pnrpnsp.dll
0x00007ffb7ac50000 - 0x00007ffb7ac69000 	C:\WINDOWS\system32\NLAapi.dll
0x00007ffb7d570000 - 0x00007ffb7d62e000 	C:\WINDOWS\SYSTEM32\DNSAPI.dll
0x00007ffb7f730000 - 0x00007ffb7f738000 	C:\WINDOWS\System32\NSI.dll
0x00007ffb7d530000 - 0x00007ffb7d568000 	C:\WINDOWS\SYSTEM32\IPHLPAPI.DLL
0x00007ffb645a0000 - 0x00007ffb645ae000 	C:\WINDOWS\System32\winrnr.dll
0x00007ffb715c0000 - 0x00007ffb715d5000 	C:\WINDOWS\System32\wshbth.dll
0x00007ffb70890000 - 0x00007ffb7089a000 	C:\Windows\System32\rasadhlp.dll
0x00007ffb730b0000 - 0x00007ffb73122000 	C:\WINDOWS\System32\fwpuclnt.dll
0x00007ffb7da90000 - 0x00007ffb7dab5000 	C:\WINDOWS\SYSTEM32\bcrypt.dll

VM Arguments:
jvm_args: -Didea.launcher.port=7532 -Didea.launcher.bin.path=D:\Program Files (x86)\JetBrains\IntelliJ IDEA 2016.1.2\bin -Dfile.encoding=UTF-8 
java_command: com.intellij.rt.execution.application.AppMain com.alibaba.dubbo.demo.impl.Provider
java_class_path (initial): D:\Program Files\Java\jdk1.8.0_151\jre\lib\charsets.jar;D:\Program Files\Java\jdk1.8.0_151\jre\lib\deploy.jar;D:\Program Files\Java\jdk1.8.0_151\jre\lib\ext\access-bridge-64.jar;D:\Program Files\Java\jdk1.8.0_151\jre\lib\ext\cldrdata.jar;D:\Program Files\Java\jdk1.8.0_151\jre\lib\ext\dnsns.jar;D:\Program Files\Java\jdk1.8.0_151\jre\lib\ext\jaccess.jar;D:\Program Files\Java\jdk1.8.0_151\jre\lib\ext\jfxrt.jar;D:\Program Files\Java\jdk1.8.0_151\jre\lib\ext\localedata.jar;D:\Program Files\Java\jdk1.8.0_151\jre\lib\ext\nashorn.jar;D:\Program Files\Java\jdk1.8.0_151\jre\lib\ext\sunec.jar;D:\Program Files\Java\jdk1.8.0_151\jre\lib\ext\sunjce_provider.jar;D:\Program Files\Java\jdk1.8.0_151\jre\lib\ext\sunmscapi.jar;D:\Program Files\Java\jdk1.8.0_151\jre\lib\ext\sunpkcs11.jar;D:\Program Files\Java\jdk1.8.0_151\jre\lib\ext\zipfs.jar;D:\Program Files\Java\jdk1.8.0_151\jre\lib\javaws.jar;D:\Program Files\Java\jdk1.8.0_151\jre\lib\jce.jar;D:\Program Files\Java\jdk1.8.0_151\jre\lib\jfr.jar;D:\Program Files\Java\jdk1.8.0_151\jre\lib\jfxswt.jar;D:\Program Files\Java\jdk1.8.0_151\jre\lib\jsse.jar;D:\Program Files\Java\jdk1.8.0_151\jre\lib\management-agent.jar;D:\Program Files\Java\jdk1.8.0_151\jre\lib\plugin.jar;D:\Program Files\Java\jdk1.8.0_151\jre\lib\resources.jar;D:\Program Files\Java\jdk1.8.0_151\jre\lib\rt.jar;D:\GitHub\DatatablesDemo\dubbo-provider\target\classes;D:\GitHub\DatatablesDemo\dubbo-api\target\classes;C:\Users\Administrator\.m2\repository\jstl\jstl\1.2\jstl-1.2.jar;C:\Users\Administrator\.m2\repository\javax\javaee-api\7.0\javaee-api-7.0.jar;C:\Users\Administrator\.m2\repository\com\sun\mail\javax.mail\1.5.0\javax.mail-1.5.0.jar;C:\Users\Administrator\.m2\repository\javax\activation\activation\1.1\activation-1.1.jar;C:\Users\Administrator\.m2\repository\org\springframework\spring-core\4.2.5.RELEASE\spring-core-4.2.5.RELEASE.jar;C:\Users\Administrator\.m2\repository\commons-logging\commons-logging\1.2\commons-logging-1.2.jar;C:\Users\Ad
Launcher Type: SUN_STANDARD

Environment Variables:
JAVA_HOME=D:\Program Files\Java\jdk1.8.0_151\
JRE_HOME=D:\Program Files\Java\jdk1.8.0_151\
PATH=D:\MyBlog\node_modules;C:\Program Files\nodejs;D:\Program Files\Java\jdk1.8.0_151\\bin;D:\Program Files\Java\jdk1.8.0_151\\jre;D:\Redis;D:\apache-maven-3.5.4\bin;D:\Tomcat\apache-tomcat-7.0.90;C:\Program Files (x86)\ClockworkMod\Universal Adb Driver;D:\Program Files\Java\jdk1.8.0_151\bin;C:\ProgramData\Oracle\Java\javapath;C:\Program Files\MySQL\MySQL Server 5.7\bin;D:\Program Files\Java\jdk-9.0.1\bin;D:\opencv\build\x64\vc14\bin;C:\WINDOWS\system32;C:\WINDOWS;C:\WINDOWS\System32\Wbem;C:\WINDOWS\System32\WindowsPowerShell\v1.0\;C:\WINDOWS\system32\config\systemprofile\.dnx\bin;C:\Program Files\Microsoft DNX\Dnvm\;C:\Program Files (x86)\Windows Kits\8.1\Windows Performance Toolkit\;C:\Program Files\Microsoft SQL Server\120\DTS\Binn\;C:\Program Files\Microsoft SQL Server\Client SDK\ODBC\110\Tools\Binn\;C:\Program Files (x86)\Microsoft SQL Server\120\Tools\Binn\;C:\Program Files\Microsoft SQL Server\120\Tools\Binn\;D:\Program Files\Git\cmd;C:\WINDOWS\System32\OpenSSH\;C:\Program Files\nodejs\;C:\Python36\Scripts\;C:\Python36\;C:\Users\Administrator\AppData\Local\GitHubDesktop\bin;D:\Programs\Fiddler;C:\Users\Administrator\AppData\Local\Microsoft\WindowsApps;C:\Users\Administrator\AppData\Roaming\npm
USERNAME=Administrator
OS=Windows_NT
PROCESSOR_IDENTIFIER=Intel64 Family 6 Model 42 Stepping 7, GenuineIntel



---------------  S Y S T E M  ---------------

OS: Windows 10.0 , 64 bit Build 17134 (10.0.17134.1)

CPU:total 8 (initial active 8) (4 cores per cpu, 2 threads per core) family 6 model 42 stepping 7, cmov, cx8, fxsr, mmx, sse, sse2, sse3, ssse3, sse4.1, sse4.2, popcnt, avx, aes, clmul, ht, tsc, tscinvbit

Memory: 4k page, physical 8266800k(1896616k free), swap 10363952k(5256k free)

vm_info: Java HotSpot(TM) 64-Bit Server VM (25.151-b12) for windows-amd64 JRE (1.8.0_151-b12), built on Sep  5 2017 19:33:46 by "java_re" with MS VC++ 10.0 (VS2010)

time: Mon Dec 17 15:18:19 2018
elapsed time: 2 seconds (0d 0h 0m 2s)

