#
# There is insufficient memory for the Java Runtime Environment to continue.
# Native memory allocation (malloc) failed to allocate 1048576 bytes for AllocateHeap
# Possible reasons:
#   The system is out of physical RAM or swap space
#   In 32 bit mode, the process size limit was hit
# Possible solutions:
#   Reduce memory load on the system
#   Increase physical memory or swap space
#   Check if swap backing store is full
#   Use 64 bit Java on a 64 bit OS
#   Decrease Java heap size (-Xmx/-Xms)
#   Decrease number of Java threads
#   Decrease Java thread stack sizes (-Xss)
#   Set larger code cache with -XX:ReservedCodeCacheSize=
# This output file may be truncated or incomplete.
#
#  Out of Memory Error (memory/allocation.inline.hpp:61), pid=13828, tid=0x0000000000002bd0
#
# JRE version:  (8.0_151-b12) (build )
# Java VM: Java HotSpot(TM) 64-Bit Server VM (25.151-b12 mixed mode windows-amd64 compressed oops)
# Failed to write core dump. Minidumps are not enabled by default on client versions of Windows
#

---------------  T H R E A D  ---------------

Current thread (0x0000000003134000):  JavaThread "Unknown thread" [_thread_in_vm, id=11216, stack(0x0000000002fa0000,0x00000000030a0000)]

Stack: [0x0000000002fa0000,0x00000000030a0000]
[error occurred during error reporting (printing stack bounds), id 0xc0000005]

Native frames: (J=compiled Java code, j=interpreted, Vv=VM code, C=native code)


---------------  P R O C E S S  ---------------

Java Threads: ( => current thread )

Other Threads:

=>0x0000000003134000 (exited) JavaThread "Unknown thread" [_thread_in_vm, id=11216, stack(0x0000000002fa0000,0x00000000030a0000)]

VM state:not at safepoint (normal execution)

VM Mutex/Monitor currently owned by a thread: None

Heap:
 PSYoungGen      total 38400K, used 665K [0x00000000d5f00000, 0x00000000d8980000, 0x0000000100000000)
  eden space 33280K, 2% used [0x00000000d5f00000,0x00000000d5fa6670,0x00000000d7f80000)
  from space 5120K, 0% used [0x00000000d8480000,0x00000000d8480000,0x00000000d8980000)
  to   space 5120K, 0% used [0x00000000d7f80000,0x00000000d7f80000,0x00000000d8480000)
 ParOldGen       total 87552K, used 0K [0x0000000081c00000, 0x0000000087180000, 0x00000000d5f00000)
  object space 87552K, 0% used [0x0000000081c00000,0x0000000081c00000,0x0000000087180000)
 Metaspace       used 770K, capacity 4480K, committed 4480K, reserved 1056768K
  class space    used 75K, capacity 384K, committed 384K, reserved 1048576K

Card table byte_map: [0x00000000125f0000,0x00000000129f0000] byte_map_base: 0x00000000121e2000

Marking Bits: (ParMarkBitMap*) 0x000000005d11d850
 Begin Bits: [0x00000000134a0000, 0x0000000015430000)
 End Bits:   [0x0000000015430000, 0x00000000173c0000)

Polling page: 0x00000000015f0000

CodeCache: size=245760Kb used=328Kb max_used=328Kb free=245431Kb
 bounds [0x0000000003230000, 0x00000000034a0000, 0x0000000012230000]
 total_blobs=58 nmethods=0 adapters=38
 compilation: enabled

Compilation events (0 events):
No events

GC Heap History (0 events):
No events

Deoptimization events (0 events):
No events

Internal exceptions (0 events):
No events

Events (10 events):
Event: 0.042 loading class java/lang/Short
Event: 0.042 loading class java/lang/Short done
Event: 0.042 loading class java/lang/Integer
Event: 0.042 loading class java/lang/Integer done
Event: 0.042 loading class java/lang/Long
Event: 0.042 loading class java/lang/Long done
Event: 0.043 loading class java/lang/NullPointerException
Event: 0.043 loading class java/lang/NullPointerException done
Event: 0.043 loading class java/lang/ArithmeticException
Event: 0.043 loading class java/lang/ArithmeticException done


Dynamic libraries:
0x00007ff6ed0a0000 - 0x00007ff6ed0d7000 	D:\Program Files\Java\jdk1.8.0_151\bin\java.exe
0x00007ffb81c20000 - 0x00007ffb81e01000 	C:\WINDOWS\SYSTEM32\ntdll.dll
0x00007ffb7f540000 - 0x00007ffb7f5f2000 	C:\WINDOWS\System32\KERNEL32.DLL
0x00007ffb7e720000 - 0x00007ffb7e993000 	C:\WINDOWS\System32\KERNELBASE.dll
0x00007ffb803c0000 - 0x00007ffb80461000 	C:\WINDOWS\System32\ADVAPI32.dll
0x00007ffb7f740000 - 0x00007ffb7f7de000 	C:\WINDOWS\System32\msvcrt.dll
0x00007ffb7fc90000 - 0x00007ffb7fceb000 	C:\WINDOWS\System32\sechost.dll
0x00007ffb7f410000 - 0x00007ffb7f534000 	C:\WINDOWS\System32\RPCRT4.dll
0x00007ffb7ffc0000 - 0x00007ffb80150000 	C:\WINDOWS\System32\USER32.dll
0x00007ffb7e220000 - 0x00007ffb7e240000 	C:\WINDOWS\System32\win32u.dll
0x00007ffb81ac0000 - 0x00007ffb81ae8000 	C:\WINDOWS\System32\GDI32.dll
0x00007ffb7e430000 - 0x00007ffb7e5c2000 	C:\WINDOWS\System32\gdi32full.dll
0x00007ffb7e680000 - 0x00007ffb7e71f000 	C:\WINDOWS\System32\msvcp_win.dll
0x00007ffb7e120000 - 0x00007ffb7e21a000 	C:\WINDOWS\System32\ucrtbase.dll
0x00007ffb71bf0000 - 0x00007ffb71e59000 	C:\WINDOWS\WinSxS\amd64_microsoft.windows.common-controls_6595b64144ccf1df_6.0.17134.471_none_fb3e9aab3068fc16\COMCTL32.dll
0x00007ffb7f0b0000 - 0x00007ffb7f3d2000 	C:\WINDOWS\System32\combase.dll
0x00007ffb7e040000 - 0x00007ffb7e0ba000 	C:\WINDOWS\System32\bcryptPrimitives.dll
0x00007ffb7f3e0000 - 0x00007ffb7f40d000 	C:\WINDOWS\System32\IMM32.DLL
0x000000005d1a0000 - 0x000000005d272000 	D:\Program Files\Java\jdk1.8.0_151\jre\bin\msvcr100.dll
0x000000005c900000 - 0x000000005d19d000 	D:\Program Files\Java\jdk1.8.0_151\jre\bin\server\jvm.dll
0x00007ffb81930000 - 0x00007ffb81938000 	C:\WINDOWS\System32\PSAPI.DLL
0x00007ffb7b180000 - 0x00007ffb7b189000 	C:\WINDOWS\SYSTEM32\WSOCK32.dll
0x00007ffb6c630000 - 0x00007ffb6c63a000 	C:\WINDOWS\SYSTEM32\VERSION.dll
0x00007ffb7a1e0000 - 0x00007ffb7a203000 	C:\WINDOWS\SYSTEM32\WINMM.dll
0x00007ffb80150000 - 0x00007ffb801bc000 	C:\WINDOWS\System32\WS2_32.dll
0x00007ffb79ff0000 - 0x00007ffb7a01a000 	C:\WINDOWS\SYSTEM32\WINMMBASE.dll
0x00007ffb7dff0000 - 0x00007ffb7e039000 	C:\WINDOWS\System32\cfgmgr32.dll
0x000000005d790000 - 0x000000005d79f000 	D:\Program Files\Java\jdk1.8.0_151\jre\bin\verify.dll
0x000000005d760000 - 0x000000005d789000 	D:\Program Files\Java\jdk1.8.0_151\jre\bin\java.dll
0x000000005d740000 - 0x000000005d756000 	D:\Program Files\Java\jdk1.8.0_151\jre\bin\zip.dll

VM Arguments:
jvm_args: -Didea.launcher.port=7534 -Didea.launcher.bin.path=D:\Program Files (x86)\JetBrains\IntelliJ IDEA 2016.1.2\bin -Dfile.encoding=UTF-8 
java_command: com.intellij.rt.execution.application.AppMain com.alibaba.dubbo.consumer.Consumer
java_class_path (initial): D:\Program Files\Java\jdk1.8.0_151\jre\lib\charsets.jar;D:\Program Files\Java\jdk1.8.0_151\jre\lib\deploy.jar;D:\Program Files\Java\jdk1.8.0_151\jre\lib\ext\access-bridge-64.jar;D:\Program Files\Java\jdk1.8.0_151\jre\lib\ext\cldrdata.jar;D:\Program Files\Java\jdk1.8.0_151\jre\lib\ext\dnsns.jar;D:\Program Files\Java\jdk1.8.0_151\jre\lib\ext\jaccess.jar;D:\Program Files\Java\jdk1.8.0_151\jre\lib\ext\jfxrt.jar;D:\Program Files\Java\jdk1.8.0_151\jre\lib\ext\localedata.jar;D:\Program Files\Java\jdk1.8.0_151\jre\lib\ext\nashorn.jar;D:\Program Files\Java\jdk1.8.0_151\jre\lib\ext\sunec.jar;D:\Program Files\Java\jdk1.8.0_151\jre\lib\ext\sunjce_provider.jar;D:\Program Files\Java\jdk1.8.0_151\jre\lib\ext\sunmscapi.jar;D:\Program Files\Java\jdk1.8.0_151\jre\lib\ext\sunpkcs11.jar;D:\Program Files\Java\jdk1.8.0_151\jre\lib\ext\zipfs.jar;D:\Program Files\Java\jdk1.8.0_151\jre\lib\javaws.jar;D:\Program Files\Java\jdk1.8.0_151\jre\lib\jce.jar;D:\Program Files\Java\jdk1.8.0_151\jre\lib\jfr.jar;D:\Program Files\Java\jdk1.8.0_151\jre\lib\jfxswt.jar;D:\Program Files\Java\jdk1.8.0_151\jre\lib\jsse.jar;D:\Program Files\Java\jdk1.8.0_151\jre\lib\management-agent.jar;D:\Program Files\Java\jdk1.8.0_151\jre\lib\plugin.jar;D:\Program Files\Java\jdk1.8.0_151\jre\lib\resources.jar;D:\Program Files\Java\jdk1.8.0_151\jre\lib\rt.jar;D:\GitHub\DatatablesDemo\dubbo-consumer2\target\classes;D:\GitHub\DatatablesDemo\dubbo-api\target\classes;C:\Users\Administrator\.m2\repository\jstl\jstl\1.2\jstl-1.2.jar;C:\Users\Administrator\.m2\repository\javax\javaee-api\7.0\javaee-api-7.0.jar;C:\Users\Administrator\.m2\repository\com\sun\mail\javax.mail\1.5.0\javax.mail-1.5.0.jar;C:\Users\Administrator\.m2\repository\javax\activation\activation\1.1\activation-1.1.jar;C:\Users\Administrator\.m2\repository\org\springframework\spring-core\4.2.5.RELEASE\spring-core-4.2.5.RELEASE.jar;C:\Users\Administrator\.m2\repository\commons-logging\commons-logging\1.2\commons-logging-1.2.jar;C:\Users\A
Launcher Type: SUN_STANDARD

Environment Variables:
JAVA_HOME=D:\Program Files\Java\jdk1.8.0_151\
JRE_HOME=D:\Program Files\Java\jdk1.8.0_151\
PATH=D:\MyBlog\node_modules;C:\Program Files\nodejs;D:\Program Files\Java\jdk1.8.0_151\\bin;D:\Program Files\Java\jdk1.8.0_151\\jre;D:\Redis;D:\apache-maven-3.5.4\bin;D:\Tomcat\apache-tomcat-7.0.90;C:\Program Files (x86)\ClockworkMod\Universal Adb Driver;D:\Program Files\Java\jdk1.8.0_151\bin;C:\ProgramData\Oracle\Java\javapath;C:\Program Files\MySQL\MySQL Server 5.7\bin;D:\Program Files\Java\jdk-9.0.1\bin;D:\opencv\build\x64\vc14\bin;C:\WINDOWS\system32;C:\WINDOWS;C:\WINDOWS\System32\Wbem;C:\WINDOWS\System32\WindowsPowerShell\v1.0\;C:\WINDOWS\system32\config\systemprofile\.dnx\bin;C:\Program Files\Microsoft DNX\Dnvm\;C:\Program Files (x86)\Windows Kits\8.1\Windows Performance Toolkit\;C:\Program Files\Microsoft SQL Server\120\DTS\Binn\;C:\Program Files\Microsoft SQL Server\Client SDK\ODBC\110\Tools\Binn\;C:\Program Files (x86)\Microsoft SQL Server\120\Tools\Binn\;C:\Program Files\Microsoft SQL Server\120\Tools\Binn\;D:\Program Files\Git\cmd;C:\WINDOWS\System32\OpenSSH\;C:\Program Files\nodejs\;C:\Python36\Scripts\;C:\Python36\;C:\Users\Administrator\AppData\Local\GitHubDesktop\bin;D:\Programs\Fiddler;C:\Users\Administrator\AppData\Local\Microsoft\WindowsApps;C:\Users\Administrator\AppData\Roaming\npm
USERNAME=Administrator
OS=Windows_NT
PROCESSOR_IDENTIFIER=Intel64 Family 6 Model 42 Stepping 7, GenuineIntel



---------------  S Y S T E M  ---------------

OS: Windows 10.0 , 64 bit Build 17134 (10.0.17134.1)

CPU:total 8 (initial active 8) (4 cores per cpu, 2 threads per core) family 6 model 42 stepping 7, cmov, cx8, fxsr, mmx, sse, sse2, sse3, ssse3, sse4.1, sse4.2, popcnt, avx, aes, clmul, ht, tsc, tscinvbit

Memory: 4k page, physical 8266800k(1933568k free), swap 10363952k(6984k free)

vm_info: Java HotSpot(TM) 64-Bit Server VM (25.151-b12) for windows-amd64 JRE (1.8.0_151-b12), built on Sep  5 2017 19:33:46 by "java_re" with MS VC++ 10.0 (VS2010)

time: Mon Dec 17 15:25:58 2018
elapsed time: 0 seconds (0d 0h 0m 0s)

